{"C:\\Users\\Choki Dorji\\Desktop\\Email-detector-AI\\backend-server\\controller\\auth.js": {"path":"C:\\Users\\Choki Dorji\\Desktop\\Email-detector-AI\\backend-server\\controller\\auth.js","statementMap":{"0":{"start":{"line":3,"column":15},"end":{"line":3,"column":34}},"1":{"start":{"line":4,"column":12},"end":{"line":4,"column":35}},"2":{"start":{"line":5,"column":13},"end":{"line":5,"column":38}},"3":{"start":{"line":8,"column":17},"end":{"line":26,"column":1}},"4":{"start":{"line":9,"column":42},"end":{"line":9,"column":50}},"5":{"start":{"line":11,"column":17},"end":{"line":11,"column":48}},"6":{"start":{"line":12,"column":19},"end":{"line":12,"column":48}},"7":{"start":{"line":13,"column":2},"end":{"line":15,"column":3}},"8":{"start":{"line":14,"column":4},"end":{"line":14,"column":69}},"9":{"start":{"line":17,"column":15},"end":{"line":23,"column":4}},"10":{"start":{"line":25,"column":2},"end":{"line":25,"column":43}},"11":{"start":{"line":29,"column":14},"end":{"line":63,"column":1}},"12":{"start":{"line":30,"column":30},"end":{"line":30,"column":38}},"13":{"start":{"line":32,"column":15},"end":{"line":32,"column":44}},"14":{"start":{"line":33,"column":2},"end":{"line":33,"column":72}},"15":{"start":{"line":33,"column":13},"end":{"line":33,"column":72}},"16":{"start":{"line":36,"column":2},"end":{"line":41,"column":3}},"17":{"start":{"line":37,"column":4},"end":{"line":39,"column":5}},"18":{"start":{"line":38,"column":6},"end":{"line":38,"column":68}},"19":{"start":{"line":40,"column":4},"end":{"line":40,"column":71}},"20":{"start":{"line":43,"column":18},"end":{"line":43,"column":63}},"21":{"start":{"line":44,"column":2},"end":{"line":44,"column":77}},"22":{"start":{"line":44,"column":16},"end":{"line":44,"column":77}},"23":{"start":{"line":47,"column":2},"end":{"line":52,"column":3}},"24":{"start":{"line":48,"column":4},"end":{"line":51,"column":7}},"25":{"start":{"line":54,"column":16},"end":{"line":58,"column":3}},"26":{"start":{"line":60,"column":2},"end":{"line":60,"column":28}},"27":{"start":{"line":62,"column":2},"end":{"line":62,"column":28}},"28":{"start":{"line":66,"column":20},"end":{"line":69,"column":1}},"29":{"start":{"line":67,"column":16},"end":{"line":67,"column":33}},"30":{"start":{"line":68,"column":2},"end":{"line":68,"column":18}},"31":{"start":{"line":72,"column":25},"end":{"line":82,"column":1}},"32":{"start":{"line":73,"column":17},"end":{"line":73,"column":27}},"33":{"start":{"line":74,"column":21},"end":{"line":74,"column":29}},"34":{"start":{"line":76,"column":2},"end":{"line":78,"column":3}},"35":{"start":{"line":77,"column":4},"end":{"line":77,"column":63}},"36":{"start":{"line":80,"column":15},"end":{"line":80,"column":74}},"37":{"start":{"line":81,"column":2},"end":{"line":81,"column":17}},"38":{"start":{"line":85,"column":23},"end":{"line":95,"column":1}},"39":{"start":{"line":86,"column":17},"end":{"line":86,"column":27}},"40":{"start":{"line":87,"column":19},"end":{"line":87,"column":27}},"41":{"start":{"line":89,"column":2},"end":{"line":91,"column":3}},"42":{"start":{"line":90,"column":4},"end":{"line":90,"column":61}},"43":{"start":{"line":93,"column":15},"end":{"line":93,"column":72}},"44":{"start":{"line":94,"column":2},"end":{"line":94,"column":17}},"45":{"start":{"line":98,"column":19},"end":{"line":102,"column":1}},"46":{"start":{"line":99,"column":17},"end":{"line":99,"column":27}},"47":{"start":{"line":100,"column":2},"end":{"line":100,"column":35}},"48":{"start":{"line":101,"column":2},"end":{"line":101,"column":40}},"49":{"start":{"line":105,"column":20},"end":{"line":113,"column":1}},"50":{"start":{"line":106,"column":17},"end":{"line":106,"column":27}},"51":{"start":{"line":107,"column":15},"end":{"line":111,"column":3}},"52":{"start":{"line":112,"column":2},"end":{"line":112,"column":17}},"53":{"start":{"line":116,"column":0},"end":{"line":124,"column":2}}},"fnMap":{"0":{"name":"(anonymous_0)","decl":{"start":{"line":8,"column":17},"end":{"line":8,"column":18}},"loc":{"start":{"line":8,"column":37},"end":{"line":26,"column":1}},"line":8},"1":{"name":"(anonymous_1)","decl":{"start":{"line":29,"column":14},"end":{"line":29,"column":15}},"loc":{"start":{"line":29,"column":34},"end":{"line":63,"column":1}},"line":29},"2":{"name":"(anonymous_2)","decl":{"start":{"line":66,"column":20},"end":{"line":66,"column":21}},"loc":{"start":{"line":66,"column":40},"end":{"line":69,"column":1}},"line":66},"3":{"name":"(anonymous_3)","decl":{"start":{"line":72,"column":25},"end":{"line":72,"column":26}},"loc":{"start":{"line":72,"column":45},"end":{"line":82,"column":1}},"line":72},"4":{"name":"(anonymous_4)","decl":{"start":{"line":85,"column":23},"end":{"line":85,"column":24}},"loc":{"start":{"line":85,"column":43},"end":{"line":95,"column":1}},"line":85},"5":{"name":"(anonymous_5)","decl":{"start":{"line":98,"column":19},"end":{"line":98,"column":20}},"loc":{"start":{"line":98,"column":39},"end":{"line":102,"column":1}},"line":98},"6":{"name":"(anonymous_6)","decl":{"start":{"line":105,"column":20},"end":{"line":105,"column":21}},"loc":{"start":{"line":105,"column":40},"end":{"line":113,"column":1}},"line":105}},"branchMap":{"0":{"loc":{"start":{"line":13,"column":2},"end":{"line":15,"column":3}},"type":"if","locations":[{"start":{"line":13,"column":2},"end":{"line":15,"column":3}},{"start":{},"end":{}}],"line":13},"1":{"loc":{"start":{"line":33,"column":2},"end":{"line":33,"column":72}},"type":"if","locations":[{"start":{"line":33,"column":2},"end":{"line":33,"column":72}},{"start":{},"end":{}}],"line":33},"2":{"loc":{"start":{"line":36,"column":2},"end":{"line":41,"column":3}},"type":"if","locations":[{"start":{"line":36,"column":2},"end":{"line":41,"column":3}},{"start":{},"end":{}}],"line":36},"3":{"loc":{"start":{"line":37,"column":4},"end":{"line":39,"column":5}},"type":"if","locations":[{"start":{"line":37,"column":4},"end":{"line":39,"column":5}},{"start":{},"end":{}}],"line":37},"4":{"loc":{"start":{"line":44,"column":2},"end":{"line":44,"column":77}},"type":"if","locations":[{"start":{"line":44,"column":2},"end":{"line":44,"column":77}},{"start":{},"end":{}}],"line":44},"5":{"loc":{"start":{"line":47,"column":2},"end":{"line":52,"column":3}},"type":"if","locations":[{"start":{"line":47,"column":2},"end":{"line":52,"column":3}},{"start":{},"end":{}}],"line":47},"6":{"loc":{"start":{"line":76,"column":2},"end":{"line":78,"column":3}},"type":"if","locations":[{"start":{"line":76,"column":2},"end":{"line":78,"column":3}},{"start":{},"end":{}}],"line":76},"7":{"loc":{"start":{"line":89,"column":2},"end":{"line":91,"column":3}},"type":"if","locations":[{"start":{"line":89,"column":2},"end":{"line":91,"column":3}},{"start":{},"end":{}}],"line":89}},"s":{"0":1,"1":1,"2":1,"3":1,"4":2,"5":2,"6":2,"7":2,"8":1,"9":1,"10":1,"11":1,"12":6,"13":6,"14":6,"15":1,"16":5,"17":2,"18":1,"19":1,"20":3,"21":3,"22":1,"23":2,"24":1,"25":1,"26":1,"27":1,"28":1,"29":1,"30":1,"31":1,"32":2,"33":2,"34":2,"35":1,"36":1,"37":1,"38":1,"39":2,"40":2,"41":2,"42":1,"43":1,"44":1,"45":1,"46":1,"47":1,"48":1,"49":1,"50":1,"51":1,"52":1,"53":1},"f":{"0":2,"1":6,"2":1,"3":2,"4":2,"5":1,"6":1},"b":{"0":[1,1],"1":[1,5],"2":[2,3],"3":[1,1],"4":[1,2],"5":[1,1],"6":[1,1],"7":[1,1]},"_coverageSchema":"1a1c01bbd47fc00a2c39e90264f33305004495a9","hash":"1ac17de79d2e9370e78edae4a3484e1b6fcddafd"}
,"C:\\Users\\Choki Dorji\\Desktop\\Email-detector-AI\\backend-server\\controller\\datasets.js": {"path":"C:\\Users\\Choki Dorji\\Desktop\\Email-detector-AI\\backend-server\\controller\\datasets.js","statementMap":{"0":{"start":{"line":3,"column":11},"end":{"line":3,"column":24}},"1":{"start":{"line":4,"column":13},"end":{"line":4,"column":28}},"2":{"start":{"line":5,"column":16},"end":{"line":5,"column":44}},"3":{"start":{"line":8,"column":23},"end":{"line":42,"column":1}},"4":{"start":{"line":9,"column":2},"end":{"line":41,"column":3}},"5":{"start":{"line":10,"column":20},"end":{"line":10,"column":67}},"6":{"start":{"line":12,"column":4},"end":{"line":14,"column":5}},"7":{"start":{"line":13,"column":6},"end":{"line":13,"column":26}},"8":{"start":{"line":16,"column":18},"end":{"line":16,"column":41}},"9":{"start":{"line":18,"column":21},"end":{"line":18,"column":23}},"10":{"start":{"line":20,"column":4},"end":{"line":35,"column":5}},"11":{"start":{"line":21,"column":23},"end":{"line":21,"column":47}},"12":{"start":{"line":22,"column":20},"end":{"line":22,"column":41}},"13":{"start":{"line":24,"column":19},"end":{"line":24,"column":64}},"14":{"start":{"line":26,"column":6},"end":{"line":34,"column":9}},"15":{"start":{"line":37,"column":4},"end":{"line":37,"column":23}},"16":{"start":{"line":39,"column":4},"end":{"line":39,"column":23}},"17":{"start":{"line":40,"column":4},"end":{"line":40,"column":72}},"18":{"start":{"line":45,"column":23},"end":{"line":121,"column":1}},"19":{"start":{"line":46,"column":2},"end":{"line":120,"column":3}},"20":{"start":{"line":47,"column":32},"end":{"line":47,"column":40}},"21":{"start":{"line":49,"column":4},"end":{"line":54,"column":5}},"22":{"start":{"line":50,"column":6},"end":{"line":53,"column":9}},"23":{"start":{"line":57,"column":4},"end":{"line":64,"column":6}},"24":{"start":{"line":66,"column":21},"end":{"line":72,"column":6}},"25":{"start":{"line":74,"column":4},"end":{"line":106,"column":5}},"26":{"start":{"line":75,"column":21},"end":{"line":75,"column":42}},"27":{"start":{"line":77,"column":6},"end":{"line":89,"column":8}},"28":{"start":{"line":91,"column":6},"end":{"line":95,"column":9}},"29":{"start":{"line":97,"column":6},"end":{"line":100,"column":8}},"30":{"start":{"line":102,"column":6},"end":{"line":105,"column":9}},"31":{"start":{"line":108,"column":4},"end":{"line":108,"column":47}},"32":{"start":{"line":110,"column":4},"end":{"line":113,"column":6}},"33":{"start":{"line":115,"column":4},"end":{"line":119,"column":7}},"34":{"start":{"line":124,"column":0},"end":{"line":127,"column":2}}},"fnMap":{"0":{"name":"(anonymous_0)","decl":{"start":{"line":8,"column":23},"end":{"line":8,"column":24}},"loc":{"start":{"line":8,"column":43},"end":{"line":42,"column":1}},"line":8},"1":{"name":"(anonymous_1)","decl":{"start":{"line":45,"column":23},"end":{"line":45,"column":24}},"loc":{"start":{"line":45,"column":43},"end":{"line":121,"column":1}},"line":45}},"branchMap":{"0":{"loc":{"start":{"line":12,"column":4},"end":{"line":14,"column":5}},"type":"if","locations":[{"start":{"line":12,"column":4},"end":{"line":14,"column":5}},{"start":{},"end":{}}],"line":12},"1":{"loc":{"start":{"line":30,"column":30},"end":{"line":30,"column":69}},"type":"binary-expr","locations":[{"start":{"line":30,"column":30},"end":{"line":30,"column":56}},{"start":{"line":30,"column":60},"end":{"line":30,"column":69}}],"line":30},"2":{"loc":{"start":{"line":31,"column":21},"end":{"line":31,"column":46}},"type":"binary-expr","locations":[{"start":{"line":31,"column":21},"end":{"line":31,"column":38}},{"start":{"line":31,"column":42},"end":{"line":31,"column":46}}],"line":31},"3":{"loc":{"start":{"line":32,"column":20},"end":{"line":32,"column":41}},"type":"binary-expr","locations":[{"start":{"line":32,"column":20},"end":{"line":32,"column":36}},{"start":{"line":32,"column":40},"end":{"line":32,"column":41}}],"line":32},"4":{"loc":{"start":{"line":33,"column":21},"end":{"line":33,"column":57}},"type":"binary-expr","locations":[{"start":{"line":33,"column":21},"end":{"line":33,"column":38}},{"start":{"line":33,"column":42},"end":{"line":33,"column":57}}],"line":33},"5":{"loc":{"start":{"line":49,"column":4},"end":{"line":54,"column":5}},"type":"if","locations":[{"start":{"line":49,"column":4},"end":{"line":54,"column":5}},{"start":{},"end":{}}],"line":49},"6":{"loc":{"start":{"line":49,"column":8},"end":{"line":49,"column":27}},"type":"binary-expr","locations":[{"start":{"line":49,"column":8},"end":{"line":49,"column":16}},{"start":{"line":49,"column":20},"end":{"line":49,"column":27}}],"line":49},"7":{"loc":{"start":{"line":74,"column":4},"end":{"line":106,"column":5}},"type":"if","locations":[{"start":{"line":74,"column":4},"end":{"line":106,"column":5}},{"start":{"line":96,"column":11},"end":{"line":106,"column":5}}],"line":74},"8":{"loc":{"start":{"line":82,"column":31},"end":{"line":82,"column":49}},"type":"binary-expr","locations":[{"start":{"line":82,"column":31},"end":{"line":82,"column":43}},{"start":{"line":82,"column":47},"end":{"line":82,"column":49}}],"line":82},"9":{"loc":{"start":{"line":84,"column":12},"end":{"line":84,"column":68}},"type":"binary-expr","locations":[{"start":{"line":84,"column":12},"end":{"line":84,"column":38}},{"start":{"line":84,"column":42},"end":{"line":84,"column":68}}],"line":84},"10":{"loc":{"start":{"line":85,"column":22},"end":{"line":85,"column":44}},"type":"binary-expr","locations":[{"start":{"line":85,"column":22},"end":{"line":85,"column":39}},{"start":{"line":85,"column":43},"end":{"line":85,"column":44}}],"line":85},"11":{"loc":{"start":{"line":86,"column":25},"end":{"line":86,"column":50}},"type":"binary-expr","locations":[{"start":{"line":86,"column":25},"end":{"line":86,"column":45}},{"start":{"line":86,"column":49},"end":{"line":86,"column":50}}],"line":86}},"s":{"0":1,"1":1,"2":1,"3":1,"4":2,"5":2,"6":2,"7":1,"8":1,"9":1,"10":1,"11":1,"12":1,"13":1,"14":1,"15":1,"16":0,"17":0,"18":1,"19":3,"20":3,"21":3,"22":1,"23":2,"24":2,"25":2,"26":1,"27":1,"28":1,"29":1,"30":1,"31":0,"32":0,"33":0,"34":1},"f":{"0":2,"1":3},"b":{"0":[1,1],"1":[1,0],"2":[1,0],"3":[1,0],"4":[1,1],"5":[1,2],"6":[3,2],"7":[1,1],"8":[1,1],"9":[1,1],"10":[1,0],"11":[1,0]},"_coverageSchema":"1a1c01bbd47fc00a2c39e90264f33305004495a9","hash":"c0ac4a8394e4f481928ee273a1fcbf9f84441755"}
,"C:\\Users\\Choki Dorji\\Desktop\\Email-detector-AI\\backend-server\\controller\\verify2fa.js": {"path":"C:\\Users\\Choki Dorji\\Desktop\\Email-detector-AI\\backend-server\\controller\\verify2fa.js","statementMap":{"0":{"start":{"line":3,"column":18},"end":{"line":3,"column":38}},"1":{"start":{"line":4,"column":12},"end":{"line":4,"column":35}},"2":{"start":{"line":5,"column":13},"end":{"line":5,"column":38}},"3":{"start":{"line":8,"column":18},"end":{"line":29,"column":1}},"4":{"start":{"line":9,"column":17},"end":{"line":9,"column":28}},"5":{"start":{"line":10,"column":20},"end":{"line":10,"column":28}},"6":{"start":{"line":12,"column":15},"end":{"line":12,"column":42}},"7":{"start":{"line":14,"column":19},"end":{"line":19,"column":4}},"8":{"start":{"line":21,"column":2},"end":{"line":23,"column":3}},"9":{"start":{"line":22,"column":4},"end":{"line":22,"column":60}},"10":{"start":{"line":25,"column":2},"end":{"line":25,"column":31}},"11":{"start":{"line":26,"column":2},"end":{"line":26,"column":20}},"12":{"start":{"line":28,"column":2},"end":{"line":28,"column":52}},"13":{"start":{"line":32,"column":23},"end":{"line":58,"column":1}},"14":{"start":{"line":33,"column":28},"end":{"line":33,"column":36}},"15":{"start":{"line":35,"column":15},"end":{"line":35,"column":42}},"16":{"start":{"line":36,"column":2},"end":{"line":36,"column":72}},"17":{"start":{"line":36,"column":13},"end":{"line":36,"column":72}},"18":{"start":{"line":38,"column":19},"end":{"line":43,"column":4}},"19":{"start":{"line":45,"column":2},"end":{"line":47,"column":3}},"20":{"start":{"line":46,"column":4},"end":{"line":46,"column":60}},"21":{"start":{"line":49,"column":19},"end":{"line":53,"column":3}},"22":{"start":{"line":55,"column":2},"end":{"line":55,"column":28}},"23":{"start":{"line":57,"column":2},"end":{"line":57,"column":38}},"24":{"start":{"line":60,"column":0},"end":{"line":63,"column":2}}},"fnMap":{"0":{"name":"(anonymous_0)","decl":{"start":{"line":8,"column":18},"end":{"line":8,"column":19}},"loc":{"start":{"line":8,"column":38},"end":{"line":29,"column":1}},"line":8},"1":{"name":"(anonymous_1)","decl":{"start":{"line":32,"column":23},"end":{"line":32,"column":24}},"loc":{"start":{"line":32,"column":43},"end":{"line":58,"column":1}},"line":32}},"branchMap":{"0":{"loc":{"start":{"line":21,"column":2},"end":{"line":23,"column":3}},"type":"if","locations":[{"start":{"line":21,"column":2},"end":{"line":23,"column":3}},{"start":{},"end":{}}],"line":21},"1":{"loc":{"start":{"line":36,"column":2},"end":{"line":36,"column":72}},"type":"if","locations":[{"start":{"line":36,"column":2},"end":{"line":36,"column":72}},{"start":{},"end":{}}],"line":36},"2":{"loc":{"start":{"line":45,"column":2},"end":{"line":47,"column":3}},"type":"if","locations":[{"start":{"line":45,"column":2},"end":{"line":47,"column":3}},{"start":{},"end":{}}],"line":45}},"s":{"0":1,"1":1,"2":1,"3":1,"4":2,"5":2,"6":2,"7":2,"8":2,"9":1,"10":1,"11":1,"12":1,"13":1,"14":3,"15":3,"16":3,"17":1,"18":2,"19":2,"20":1,"21":1,"22":1,"23":1,"24":1},"f":{"0":2,"1":3},"b":{"0":[1,1],"1":[1,2],"2":[1,1]},"_coverageSchema":"1a1c01bbd47fc00a2c39e90264f33305004495a9","hash":"93f76b2db846387fecf7c57b62766fa64b4eb02c"}
}
