TN:
SF:controller\auth.js
FN:8,(anonymous_0)
FN:29,(anonymous_1)
FN:66,(anonymous_2)
FN:72,(anonymous_3)
FN:85,(anonymous_4)
FN:98,(anonymous_5)
FN:105,(anonymous_6)
FNF:7
FNH:7
FNDA:2,(anonymous_0)
FNDA:6,(anonymous_1)
FNDA:1,(anonymous_2)
FNDA:2,(anonymous_3)
FNDA:2,(anonymous_4)
FNDA:1,(anonymous_5)
FNDA:1,(anonymous_6)
DA:3,1
DA:4,1
DA:5,1
DA:8,1
DA:9,2
DA:11,2
DA:12,2
DA:13,2
DA:14,1
DA:17,1
DA:25,1
DA:29,1
DA:30,6
DA:32,6
DA:33,6
DA:36,5
DA:37,2
DA:38,1
DA:40,1
DA:43,3
DA:44,3
DA:47,2
DA:48,1
DA:54,1
DA:60,1
DA:62,1
DA:66,1
DA:67,1
DA:68,1
DA:72,1
DA:73,2
DA:74,2
DA:76,2
DA:77,1
DA:80,1
DA:81,1
DA:85,1
DA:86,2
DA:87,2
DA:89,2
DA:90,1
DA:93,1
DA:94,1
DA:98,1
DA:99,1
DA:100,1
DA:101,1
DA:105,1
DA:106,1
DA:107,1
DA:112,1
DA:116,1
LF:52
LH:52
BRDA:13,0,0,1
BRDA:13,0,1,1
BRDA:33,1,0,1
BRDA:33,1,1,5
BRDA:36,2,0,2
BRDA:36,2,1,3
BRDA:37,3,0,1
BRDA:37,3,1,1
BRDA:44,4,0,1
BRDA:44,4,1,2
BRDA:47,5,0,1
BRDA:47,5,1,1
BRDA:76,6,0,1
BRDA:76,6,1,1
BRDA:89,7,0,1
BRDA:89,7,1,1
BRF:16
BRH:16
end_of_record
TN:
SF:controller\datasets.js
FN:8,(anonymous_0)
FN:45,(anonymous_1)
FNF:2
FNH:2
FNDA:2,(anonymous_0)
FNDA:3,(anonymous_1)
DA:3,1
DA:4,1
DA:5,1
DA:8,1
DA:9,2
DA:10,2
DA:12,2
DA:13,1
DA:16,1
DA:18,1
DA:20,1
DA:21,1
DA:22,1
DA:24,1
DA:26,1
DA:37,1
DA:39,0
DA:40,0
DA:45,1
DA:46,3
DA:47,3
DA:49,3
DA:50,1
DA:57,2
DA:66,2
DA:74,2
DA:75,1
DA:77,1
DA:91,1
DA:97,1
DA:102,1
DA:108,0
DA:110,0
DA:115,0
DA:124,1
LF:35
LH:30
BRDA:12,0,0,1
BRDA:12,0,1,1
BRDA:30,1,0,1
BRDA:30,1,1,0
BRDA:31,2,0,1
BRDA:31,2,1,0
BRDA:32,3,0,1
BRDA:32,3,1,0
BRDA:33,4,0,1
BRDA:33,4,1,1
BRDA:49,5,0,1
BRDA:49,5,1,2
BRDA:49,6,0,3
BRDA:49,6,1,2
BRDA:74,7,0,1
BRDA:74,7,1,1
BRDA:82,8,0,1
BRDA:82,8,1,1
BRDA:84,9,0,1
BRDA:84,9,1,1
BRDA:85,10,0,1
BRDA:85,10,1,0
BRDA:86,11,0,1
BRDA:86,11,1,0
BRF:24
BRH:19
end_of_record
TN:
SF:controller\verify2fa.js
FN:8,(anonymous_0)
FN:32,(anonymous_1)
FNF:2
FNH:2
FNDA:2,(anonymous_0)
FNDA:3,(anonymous_1)
DA:3,1
DA:4,1
DA:5,1
DA:8,1
DA:9,2
DA:10,2
DA:12,2
DA:14,2
DA:21,2
DA:22,1
DA:25,1
DA:26,1
DA:28,1
DA:32,1
DA:33,3
DA:35,3
DA:36,3
DA:38,2
DA:45,2
DA:46,1
DA:49,1
DA:55,1
DA:57,1
DA:60,1
LF:24
LH:24
BRDA:21,0,0,1
BRDA:21,0,1,1
BRDA:36,1,0,1
BRDA:36,1,1,2
BRDA:45,2,0,1
BRDA:45,2,1,1
BRF:6
BRH:6
end_of_record
